=====================================
Starting 5 extremal
  Q = 0.455782
  Q = 0.566375
  Q = 0.617957
  Q = 0.622231
  Q = 0.637296
  Q = 0.637300
  Q = 0.637300
  Q = 0.643011
  Q = 0.643011
  Q = 0.643011
  Q = 0.643011
  Q = 0.643011
  Q = 0.645119
  Q = 0.645744
  Q = 0.646262
  Q = 0.646262
  Q = 0.646262
  Q = 0.646262
  Q = 0.646262
  Q = 0.646266
  Q = 0.646266
  Q = 0.646266
  Q = 0.646266
  Q = 0.646266
  Q = 0.646520
  Q = 0.646520
  Q = 0.646520
  Q = 0.646520
  Q = 0.646520
  Q = 0.646520
  Q = 0.648190
  Q = 0.648190
  Q = 0.648190
  Q = 0.648190
  Q = 0.648190
  Q = 0.648368
  Q = 0.648368
  Q = 0.648368
  Q = 0.648368
  Q = 0.648368
  Q = 0.648368
  Q = 0.648368
  Q = 0.648368
  Q = 0.648368
  Q = 0.648368
  Q = 0.648368
  Q = 0.648368
  Q = 0.648368
  Q = 0.648368
  Q = 0.648368
  Q = 0.648368
  Q = 0.648368
  Q = 0.648368
  Q = 0.648368
  Q = 0.648368
  Q = 0.648368
  End rep
  Q = 0.445820
  Q = 0.498880
  Q = 0.608113
  Q = 0.614864
  Q = 0.614864
  Q = 0.614864
  Q = 0.614864
  Q = 0.614864
  Q = 0.614864
  Q = 0.630025
  Q = 0.641672
  Q = 0.643141
  Q = 0.643141
  Q = 0.643141
  Q = 0.643531
  Q = 0.643531
  Q = 0.643531
  Q = 0.644164
  Q = 0.645990
  Q = 0.645990
  Q = 0.645990
  Q = 0.645990
  Q = 0.645990
  Q = 0.645990
  Q = 0.646118
  Q = 0.646118
  Q = 0.646118
  Q = 0.646118
  Q = 0.646118
  Q = 0.646118
  Q = 0.646118
  Q = 0.646118
  Q = 0.646118
  Q = 0.646118
  Q = 0.646118
  Q = 0.646118
  Q = 0.646118
  Q = 0.646118
  Q = 0.646118
  Q = 0.646118
  Q = 0.646118
  Q = 0.646118
  Q = 0.646118
  Q = 0.646118
  Q = 0.646365
  Q = 0.646365
  Q = 0.646365
  Q = 0.646365
  Q = 0.646365
  Q = 0.646365
  Q = 0.646365
  Q = 0.646365
  Q = 0.646365
  Q = 0.646365
  Q = 0.646365
  Q = 0.646365
  Q = 0.646365
  Q = 0.646365
  Q = 0.646365
  Q = 0.646365
  End rep
  Q = 0.446216
  Q = 0.523691
  Q = 0.615144
  Q = 0.625630
  Q = 0.625630
  Q = 0.625630
  Q = 0.625630
  Q = 0.625630
  Q = 0.625630
  Q = 0.625630
  Q = 0.635545
  Q = 0.639300
  Q = 0.642120
  Q = 0.643734
  Q = 0.643734
  Q = 0.643734
  Q = 0.643734
  Q = 0.643734
  Q = 0.643734
  Q = 0.643734
  Q = 0.643734
  Q = 0.643734
  Q = 0.643734
  Q = 0.643734
  Q = 0.643734
  Q = 0.643734
  Q = 0.643734
  Q = 0.643734
  Q = 0.646094
  Q = 0.646094
  Q = 0.646094
  Q = 0.646094
  Q = 0.646094
  Q = 0.646094
  Q = 0.646094
  Q = 0.646094
  Q = 0.646328
  Q = 0.646617
  Q = 0.646617
  Q = 0.646617
  Q = 0.646683
  Q = 0.646683
  Q = 0.646683
  Q = 0.646683
  Q = 0.646697
  Q = 0.646697
  Q = 0.646697
  Q = 0.646697
  Q = 0.646697
  Q = 0.646697
  Q = 0.646697
  Q = 0.646701
  Q = 0.646701
  Q = 0.646701
  Q = 0.646701
  Q = 0.646701
  Q = 0.646701
  Q = 0.646701
  Q = 0.646701
  Q = 0.646701
  Q = 0.646701
  Q = 0.646701
  Q = 0.646701
  Q = 0.646701
  Q = 0.646701
  Q = 0.646701
  Q = 0.646701
  Q = 0.646701
  Q = 0.646701
  Q = 0.646701
  Q = 0.646701
  Q = 0.646701
  End rep
  Q = 0.455791
  Q = 0.566377
  Q = 0.617941
  Q = 0.617941
  Q = 0.633060
  Q = 0.637331
  Q = 0.637383
  Q = 0.642587
  Q = 0.642587
  Q = 0.643215
  Q = 0.643215
  Q = 0.643215
  Q = 0.643215
  Q = 0.643685
  Q = 0.643685
  Q = 0.643685
  Q = 0.643685
  Q = 0.643685
  Q = 0.645793
  Q = 0.645793
  Q = 0.645793
  Q = 0.645793
  Q = 0.645793
  Q = 0.645793
  Q = 0.645793
  Q = 0.645793
  Q = 0.646449
  Q = 0.648255
  Q = 0.648255
  Q = 0.648255
  Q = 0.648255
  Q = 0.648255
  Q = 0.648255
  Q = 0.648255
  Q = 0.648259
  Q = 0.648436
  Q = 0.648436
  Q = 0.648436
  Q = 0.648436
  Q = 0.648436
  Q = 0.648436
  Q = 0.648436
  Q = 0.648436
  Q = 0.648436
  Q = 0.648436
  Q = 0.648436
  Q = 0.648438
  Q = 0.648438
  Q = 0.648438
  Q = 0.648438
  Q = 0.648438
  Q = 0.648438
  Q = 0.648438
  Q = 0.648438
  Q = 0.648438
  Q = 0.648438
  Q = 0.648438
  End rep
  Q = 0.373628
  Q = 0.519106
  Q = 0.590077
  Q = 0.590077
  Q = 0.590077
  Q = 0.590077
  Q = 0.590077
  Q = 0.590077
  Q = 0.590077
  Q = 0.590077
  Q = 0.590077
  Q = 0.590077
  Q = 0.603068
  Q = 0.604880
  Q = 0.617372
  Q = 0.626327
  Q = 0.626327
  Q = 0.626366
  Q = 0.626366
  Q = 0.626366
  Q = 0.626366
  Q = 0.626366
  Q = 0.626366
  Q = 0.626366
  Q = 0.626366
  Q = 0.626366
  Q = 0.626366
  Q = 0.626366
  Q = 0.626366
  Q = 0.626366
  Q = 0.626366
  Q = 0.626366
  Q = 0.626366
  Q = 0.626380
  Q = 0.626380
  Q = 0.626380
  Q = 0.628680
  Q = 0.628680
  Q = 0.628680
  Q = 0.635335
  Q = 0.635369
  Q = 0.635369
  Q = 0.635372
  Q = 0.635372
  Q = 0.635372
  Q = 0.635372
  Q = 0.635372
  Q = 0.635372
  Q = 0.635372
  Q = 0.635372
  Q = 0.635372
  Q = 0.635372
  Q = 0.635372
  Q = 0.635372
  Q = 0.635372
  Q = 0.635439
  Q = 0.635439
  Q = 0.635442
  Q = 0.635442
  Q = 0.635442
  Q = 0.635442
  Q = 0.635442
  Q = 0.635442
  Q = 0.635442
  Q = 0.635442
  Q = 0.635442
  Q = 0.635442
  Q = 0.635442
  Q = 0.635442
  Q = 0.635442
  End rep
End of 5 extremal
Q(e) = 0.648438   (13m 3.795s)
=====================================
Starting 5 reposition
  Q = 0.648494
  End rep
End of 5 reposition
Q(r) = 0.648494   (9.509s)
=====================================
Starting 5 fast
  Q = 0.649223
  End rep
End of 5 fast
Q(f) = 0.649223   (0.500s)
=====================================
Starting 5 reposition
  End rep
End of 5 reposition
Q(r) = 0.649223   (4.694s)
=====================================
Starting 5 tabu
  End rep
  End rep
  End rep
  End rep
  End rep
End of 5 tabu
Q(t) = 0.649223   (34m 0.263s)
=====================================
Starting 5 reposition
  End rep
End of 5 reposition
Q(r) = 0.649223   (4.393s)
=====================================
Starting 5 fast
  Q = 0.649223
  End rep
End of 5 fast
Q(f) = 0.649223   (0.341s)
=====================================
Starting 5 reposition
  End rep
End of 5 reposition
Q(r) = 0.649223   (4.616s)
=====================================
Q_Best = 0.649223   (47m 28.112s)   communities: 23   parameters: WN erfrtrfr 5
