=====================================
Starting 5 extremal
  Q = 0.284260
  Q = 0.370924
  Q = 0.370924
  Q = 0.370924
  Q = 0.370924
  End rep
  Q = 0.284260
  Q = 0.284260
  Q = 0.370924
  Q = 0.370924
  Q = 0.370924
  End rep
  Q = 0.284260
  Q = 0.284260
  Q = 0.370924
  Q = 0.370924
  Q = 0.370924
  End rep
  Q = 0.284260
  Q = 0.370924
  Q = 0.370924
  Q = 0.370924
  Q = 0.370924
  End rep
  Q = 0.284260
  Q = 0.284260
  Q = 0.370924
  Q = 0.370924
  Q = 0.370924
  End rep
End of 5 extremal
Q(e) = 0.370924   (5.171s)
=====================================
Starting 5 reposition
  End rep
End of 5 reposition
Q(r) = 0.370924   (0.007s)
=====================================
Starting 5 fast
  Q = 0.370924
  End rep
End of 5 fast
Q(f) = 0.370924   (0.002s)
=====================================
Starting 5 reposition
  End rep
End of 5 reposition
Q(r) = 0.370924   (0.009s)
=====================================
Starting 5 tabu
  End rep
  End rep
  End rep
  End rep
  End rep
End of 5 tabu
Q(t) = 0.370924   (0.493s)
=====================================
Starting 5 reposition
  End rep
End of 5 reposition
Q(r) = 0.370924   (0.007s)
=====================================
Starting 5 fast
  Q = 0.370924
  End rep
End of 5 fast
Q(f) = 0.370924   (0.001s)
=====================================
Starting 5 reposition
  End rep
End of 5 reposition
Q(r) = 0.370924   (0.009s)
=====================================
Q_Best = 0.370924   (5.699s)   communities: 3   parameters: WN erfrtrfr 5
