=====================================
Starting 5 extremal
  Q = 0.400356
  Q = 0.476020
  Q = 0.552157
  Q = 0.564090
  Q = 0.579259
  Q = 0.598404
  Q = 0.599649
  Q = 0.599649
  Q = 0.599649
  Q = 0.599811
  Q = 0.599811
  Q = 0.599811
  Q = 0.600912
  Q = 0.600912
  Q = 0.600912
  Q = 0.600912
  Q = 0.600912
  Q = 0.600912
  Q = 0.600912
  End rep
  Q = 0.400356
  Q = 0.476494
  Q = 0.552157
  Q = 0.553402
  Q = 0.572547
  Q = 0.584480
  Q = 0.599649
  Q = 0.599649
  Q = 0.599649
  Q = 0.600749
  Q = 0.600749
  Q = 0.600749
  Q = 0.600749
  Q = 0.600749
  Q = 0.600912
  Q = 0.600912
  Q = 0.600912
  Q = 0.600912
  Q = 0.600912
  End rep
  Q = 0.400356
  Q = 0.476020
  Q = 0.542965
  Q = 0.554898
  Q = 0.570067
  Q = 0.589550
  Q = 0.599778
  Q = 0.599778
  Q = 0.599778
  Q = 0.599940
  Q = 0.599940
  Q = 0.599940
  Q = 0.599940
  Q = 0.599940
  Q = 0.600912
  Q = 0.600912
  Q = 0.600912
  Q = 0.600912
  Q = 0.600912
  End rep
  Q = 0.400356
  Q = 0.476020
  Q = 0.552157
  Q = 0.564090
  Q = 0.579259
  Q = 0.598404
  Q = 0.599649
  Q = 0.599649
  Q = 0.599649
  Q = 0.599811
  Q = 0.599811
  Q = 0.600912
  Q = 0.600912
  Q = 0.600912
  Q = 0.600912
  Q = 0.600912
  Q = 0.600912
  Q = 0.600912
  Q = 0.600912
  End rep
  Q = 0.366665
  Q = 0.452638
  Q = 0.541257
  Q = 0.556426
  Q = 0.564790
  Q = 0.577662
  Q = 0.599024
  Q = 0.599186
  Q = 0.599186
  Q = 0.599186
  Q = 0.599186
  Q = 0.599186
  Q = 0.599186
  Q = 0.604429
  Q = 0.604429
  Q = 0.604429
  Q = 0.604429
  Q = 0.604429
  Q = 0.604429
  End rep
End of 5 extremal
Q(e) = 0.604429   (13.607s)
=====================================
Starting 5 reposition
  End rep
End of 5 reposition
Q(r) = 0.604429   (0.023s)
=====================================
Starting 5 fast
  Q = 0.604429
  End rep
End of 5 fast
Q(f) = 0.604429   (0.003s)
=====================================
Starting 5 reposition
  End rep
End of 5 reposition
Q(r) = 0.604429   (0.023s)
=====================================
Starting 5 tabu
  End rep
  End rep
  End rep
  End rep
  End rep
End of 5 tabu
Q(t) = 0.604429   (1.212s)
=====================================
Starting 5 reposition
  End rep
End of 5 reposition
Q(r) = 0.604429   (0.022s)
=====================================
Starting 5 fast
  Q = 0.604429
  End rep
End of 5 fast
Q(f) = 0.604429   (0.003s)
=====================================
Starting 5 reposition
  End rep
End of 5 reposition
Q(r) = 0.604429   (0.023s)
=====================================
Q_Best = 0.604429   (14.915s)   communities: 10   parameters: WN erfrtrfr 5
