[2016-05-17 20:17:59,764] [root] [INFO] Saving plot images
[2016-05-17 20:17:59,765] [root] [INFO] Drawing model: Barabasi Albert
[2016-05-17 20:17:59,765] [root] [INFO] Num nodes: 500
[2016-05-17 20:17:59,766] [root] [INFO] Mu: 0.100000
[2016-05-17 20:17:59,766] [root] [INFO] p0: 0.200000
[2016-05-17 20:17:59,766] [root] [INFO] Beta: (0.00,0.02,0.04,0.06,0.08,0.92,0.94,0.96,0.98,1.00)
[2016-05-17 20:17:59,766] [root] [INFO] seed: (0.00,0.67,0.80,0.85,0.87,0.91,0.91,0.91,0.91,0.91)
[2016-05-17 20:17:59,878] [root] [INFO] Drawing model: Barabasi Albert
[2016-05-17 20:17:59,879] [root] [INFO] Num nodes: 500
[2016-05-17 20:17:59,879] [root] [INFO] Mu: 0.500000
[2016-05-17 20:17:59,879] [root] [INFO] p0: 0.200000
[2016-05-17 20:17:59,879] [root] [INFO] Beta: (0.00,0.02,0.04,0.06,0.08,0.92,0.94,0.96,0.98,1.00)
[2016-05-17 20:17:59,879] [root] [INFO] seed: (0.00,0.00,0.31,0.43,0.50,0.67,0.67,0.67,0.67,0.67)
[2016-05-17 20:17:59,989] [root] [INFO] Drawing model: Barabasi Albert
[2016-05-17 20:17:59,990] [root] [INFO] Num nodes: 500
[2016-05-17 20:17:59,990] [root] [INFO] Mu: 0.900000
[2016-05-17 20:17:59,990] [root] [INFO] p0: 0.200000
[2016-05-17 20:17:59,990] [root] [INFO] Beta: (0.00,0.02,0.04,0.06,0.08,0.92,0.94,0.96,0.98,1.00)
[2016-05-17 20:17:59,990] [root] [INFO] seed: (0.00,0.00,0.09,0.22,0.30,0.53,0.53,0.53,0.53,0.53)
[2016-05-17 20:18:00,105] [root] [INFO] Drawing model: Barabasi Albert
[2016-05-17 20:18:00,105] [root] [INFO] Num nodes: 1000
[2016-05-17 20:18:00,106] [root] [INFO] Mu: 0.100000
[2016-05-17 20:18:00,106] [root] [INFO] p0: 0.200000
[2016-05-17 20:18:00,106] [root] [INFO] Beta: (0.00,0.02,0.04,0.06,0.08,0.92,0.94,0.96,0.98,1.00)
[2016-05-17 20:18:00,106] [root] [INFO] seed: (0.00,0.67,0.80,0.85,0.87,0.91,0.91,0.91,0.91,0.91)
[2016-05-17 20:18:00,218] [root] [INFO] Drawing model: Barabasi Albert
[2016-05-17 20:18:00,218] [root] [INFO] Num nodes: 1000
[2016-05-17 20:18:00,219] [root] [INFO] Mu: 0.500000
[2016-05-17 20:18:00,219] [root] [INFO] p0: 0.200000
[2016-05-17 20:18:00,219] [root] [INFO] Beta: (0.00,0.02,0.04,0.06,0.08,0.92,0.94,0.96,0.98,1.00)
[2016-05-17 20:18:00,219] [root] [INFO] seed: (0.00,0.08,0.31,0.43,0.50,0.67,0.67,0.67,0.67,0.67)
[2016-05-17 20:18:01,792] [root] [INFO] Drawing model: Barabasi Albert
[2016-05-17 20:18:01,792] [root] [INFO] Num nodes: 1000
[2016-05-17 20:18:01,792] [root] [INFO] Mu: 0.900000
[2016-05-17 20:18:01,793] [root] [INFO] p0: 0.200000
[2016-05-17 20:18:01,793] [root] [INFO] Beta: (0.00,0.02,0.04,0.06,0.08,0.92,0.94,0.96,0.98,1.00)
[2016-05-17 20:18:01,793] [root] [INFO] seed: (0.00,0.00,0.10,0.22,0.30,0.53,0.53,0.53,0.53,0.53)
[2016-05-17 20:18:01,919] [root] [INFO] Drawing model: Erdos Renyi
[2016-05-17 20:18:01,919] [root] [INFO] Num nodes: 500
[2016-05-17 20:18:01,919] [root] [INFO] Mu: 0.100000
[2016-05-17 20:18:01,919] [root] [INFO] p0: 0.200000
[2016-05-17 20:18:01,919] [root] [INFO] Beta: (0.00,0.02,0.04,0.06,0.08,0.92,0.94,0.96,0.98,1.00)
[2016-05-17 20:18:01,919] [root] [INFO] seed: (0.00,0.91,0.91,0.91,0.91,0.91,0.91,0.91,0.91,0.91)
[2016-05-17 20:18:02,029] [root] [INFO] Drawing model: Erdos Renyi
[2016-05-17 20:18:02,030] [root] [INFO] Num nodes: 500
[2016-05-17 20:18:02,030] [root] [INFO] Mu: 0.500000
[2016-05-17 20:18:02,030] [root] [INFO] p0: 0.200000
[2016-05-17 20:18:02,030] [root] [INFO] Beta: (0.00,0.02,0.04,0.06,0.08,0.92,0.94,0.96,0.98,1.00)
[2016-05-17 20:18:02,030] [root] [INFO] seed: (0.00,0.65,0.67,0.67,0.67,0.67,0.67,0.67,0.67,0.67)
[2016-05-17 20:18:02,140] [root] [INFO] Drawing model: Erdos Renyi
[2016-05-17 20:18:02,140] [root] [INFO] Num nodes: 500
[2016-05-17 20:18:02,140] [root] [INFO] Mu: 0.900000
[2016-05-17 20:18:02,140] [root] [INFO] p0: 0.200000
[2016-05-17 20:18:02,141] [root] [INFO] Beta: (0.00,0.02,0.04,0.06,0.08,0.92,0.94,0.96,0.98,1.00)
[2016-05-17 20:18:02,141] [root] [INFO] seed: (0.00,0.49,0.52,0.53,0.53,0.53,0.53,0.53,0.53,0.53)
[2016-05-17 20:18:02,253] [root] [INFO] Drawing model: Erdos Renyi
[2016-05-17 20:18:02,253] [root] [INFO] Num nodes: 1000
[2016-05-17 20:18:02,253] [root] [INFO] Mu: 0.100000
[2016-05-17 20:18:02,253] [root] [INFO] p0: 0.200000
[2016-05-17 20:18:02,253] [root] [INFO] Beta: (0.00,0.02,0.04,0.06,0.08,0.92,0.94,0.96,0.98,1.00)
[2016-05-17 20:18:02,253] [root] [INFO] seed: (0.00,0.91,0.91,0.91,0.91,0.91,0.91,0.91,0.91,0.91)
[2016-05-17 20:18:02,363] [root] [INFO] Drawing model: Erdos Renyi
[2016-05-17 20:18:02,363] [root] [INFO] Num nodes: 1000
[2016-05-17 20:18:02,363] [root] [INFO] Mu: 0.500000
[2016-05-17 20:18:02,363] [root] [INFO] p0: 0.200000
[2016-05-17 20:18:02,364] [root] [INFO] Beta: (0.00,0.02,0.04,0.06,0.08,0.92,0.94,0.96,0.98,1.00)
[2016-05-17 20:18:02,364] [root] [INFO] seed: (0.00,0.67,0.67,0.67,0.67,0.67,0.67,0.67,0.67,0.67)
[2016-05-17 20:18:02,474] [root] [INFO] Drawing model: Erdos Renyi
[2016-05-17 20:18:02,474] [root] [INFO] Num nodes: 1000
[2016-05-17 20:18:02,474] [root] [INFO] Mu: 0.900000
[2016-05-17 20:18:02,474] [root] [INFO] p0: 0.200000
[2016-05-17 20:18:02,474] [root] [INFO] Beta: (0.00,0.02,0.04,0.06,0.08,0.92,0.94,0.96,0.98,1.00)
[2016-05-17 20:18:02,474] [root] [INFO] seed: (0.00,0.52,0.53,0.53,0.53,0.53,0.53,0.53,0.53,0.53)
[2016-05-17 20:18:02,584] [root] [INFO] Drawing model: Random network
[2016-05-17 20:18:02,585] [root] [INFO] Num nodes: 500
[2016-05-17 20:18:02,585] [root] [INFO] Mu: 0.100000
[2016-05-17 20:18:02,585] [root] [INFO] p0: 0.200000
[2016-05-17 20:18:02,585] [root] [INFO] Beta: (0.00,0.02,0.04,0.06,0.08,0.92,0.94,0.96,0.98,1.00)
[2016-05-17 20:18:02,585] [root] [INFO] seed: (0.00,0.45,0.71,0.79,0.83,0.91,0.91,0.91,0.91,0.91)
[2016-05-17 20:18:02,695] [root] [INFO] Drawing model: Random network
[2016-05-17 20:18:02,695] [root] [INFO] Num nodes: 500
[2016-05-17 20:18:02,695] [root] [INFO] Mu: 0.500000
[2016-05-17 20:18:02,695] [root] [INFO] p0: 0.200000
[2016-05-17 20:18:02,695] [root] [INFO] Beta: (0.00,0.02,0.04,0.06,0.08,0.92,0.94,0.96,0.98,1.00)
[2016-05-17 20:18:02,695] [root] [INFO] seed: (0.00,0.00,0.00,0.04,0.28,0.67,0.67,0.67,0.67,0.67)
[2016-05-17 20:18:02,806] [root] [INFO] Drawing model: Random network
[2016-05-17 20:18:02,806] [root] [INFO] Num nodes: 500
[2016-05-17 20:18:02,807] [root] [INFO] Mu: 0.900000
[2016-05-17 20:18:02,807] [root] [INFO] p0: 0.200000
[2016-05-17 20:18:02,807] [root] [INFO] Beta: (0.00,0.02,0.04,0.06,0.08,0.92,0.94,0.96,0.98,1.00)
[2016-05-17 20:18:02,807] [root] [INFO] seed: (0.00,0.00,0.00,0.00,0.00,0.53,0.53,0.53,0.53,0.53)
[2016-05-17 20:18:02,918] [root] [INFO] Drawing model: Random network
[2016-05-17 20:18:02,918] [root] [INFO] Num nodes: 1000
[2016-05-17 20:18:02,918] [root] [INFO] Mu: 0.100000
[2016-05-17 20:18:02,918] [root] [INFO] p0: 0.200000
[2016-05-17 20:18:02,918] [root] [INFO] Beta: (0.00,0.02,0.04,0.06,0.08,0.92,0.94,0.96,0.98,1.00)
[2016-05-17 20:18:02,918] [root] [INFO] seed: (0.00,0.45,0.71,0.79,0.83,0.91,0.91,0.91,0.91,0.91)
[2016-05-17 20:18:04,313] [root] [INFO] Drawing model: Random network
[2016-05-17 20:18:04,314] [root] [INFO] Num nodes: 1000
[2016-05-17 20:18:04,314] [root] [INFO] Mu: 0.500000
[2016-05-17 20:18:04,314] [root] [INFO] p0: 0.200000
[2016-05-17 20:18:04,314] [root] [INFO] Beta: (0.00,0.02,0.04,0.06,0.08,0.92,0.94,0.96,0.98,1.00)
[2016-05-17 20:18:04,314] [root] [INFO] seed: (0.00,0.00,0.00,0.09,0.29,0.67,0.67,0.67,0.67,0.67)
[2016-05-17 20:18:04,425] [root] [INFO] Drawing model: Random network
[2016-05-17 20:18:04,425] [root] [INFO] Num nodes: 1000
[2016-05-17 20:18:04,425] [root] [INFO] Mu: 0.900000
[2016-05-17 20:18:04,425] [root] [INFO] p0: 0.200000
[2016-05-17 20:18:04,425] [root] [INFO] Beta: (0.00,0.02,0.04,0.06,0.08,0.92,0.94,0.96,0.98,1.00)
[2016-05-17 20:18:04,426] [root] [INFO] seed: (0.00,0.00,0.00,0.00,0.00,0.53,0.53,0.53,0.53,0.53)
