=====================================
Starting 5 extremal
  Q = 0.495904
  Q = 0.495904
  Q = 0.542579
  Q = 0.542579
  Q = 0.542579
  End rep
  Q = 0.495904
  Q = 0.542579
  Q = 0.542579
  Q = 0.542579
  Q = 0.542579
  End rep
  Q = 0.495904
  Q = 0.495904
  Q = 0.542579
  Q = 0.542579
  Q = 0.542579
  End rep
  Q = 0.495904
  Q = 0.495904
  Q = 0.542579
  Q = 0.542579
  Q = 0.542579
  End rep
  Q = 0.495904
  Q = 0.542579
  Q = 0.542579
  Q = 0.542579
  Q = 0.542579
  End rep
End of 5 extremal
Q(e) = 0.542579   (3.410s)
=====================================
Starting 5 reposition
  End rep
End of 5 reposition
Q(r) = 0.542579   (0.005s)
=====================================
Starting 5 fast
  Q = 0.542579
  End rep
End of 5 fast
Q(f) = 0.542579   (0.001s)
=====================================
Starting 5 reposition
  End rep
End of 5 reposition
Q(r) = 0.542579   (0.005s)
=====================================
Starting 5 tabu
  End rep
  End rep
  End rep
  End rep
  End rep
End of 5 tabu
Q(t) = 0.542579   (0.311s)
=====================================
Starting 5 reposition
  End rep
End of 5 reposition
Q(r) = 0.542579   (0.005s)
=====================================
Starting 5 fast
  Q = 0.542579
  End rep
End of 5 fast
Q(f) = 0.542579   (0.001s)
=====================================
Starting 5 reposition
  End rep
End of 5 reposition
Q(r) = 0.542579   (0.005s)
=====================================
Q_Best = 0.542579   (3.742s)   communities: 3   parameters: WN erfrtrfr 5
