=====================================
Starting 5 extremal
  Q = 0.442857
  Q = 0.442857
  Q = 0.442857
  End rep
  Q = 0.442857
  Q = 0.442857
  Q = 0.442857
  End rep
  Q = 0.442857
  Q = 0.442857
  Q = 0.442857
  End rep
  Q = 0.442857
  Q = 0.442857
  Q = 0.442857
  End rep
  Q = 0.442857
  Q = 0.442857
  Q = 0.442857
  End rep
End of 5 extremal
Q(e) = 0.442857   (0.307s)
=====================================
Starting 5 reposition
  End rep
End of 5 reposition
Q(r) = 0.442857   (0.000s)
=====================================
Starting 5 fast
  Q = 0.442857
  End rep
End of 5 fast
Q(f) = 0.442857   (0.000s)
=====================================
Starting 5 reposition
  End rep
End of 5 reposition
Q(r) = 0.442857   (0.000s)
=====================================
Starting 5 tabu
  End rep
  End rep
  End rep
  End rep
  End rep
End of 5 tabu
Q(t) = 0.442857   (0.005s)
=====================================
Starting 5 reposition
  End rep
End of 5 reposition
Q(r) = 0.442857   (0.000s)
=====================================
Starting 5 fast
  Q = 0.442857
  End rep
End of 5 fast
Q(f) = 0.442857   (0.000s)
=====================================
Starting 5 reposition
  End rep
End of 5 reposition
Q(r) = 0.442857   (0.000s)
=====================================
Q_Best = 0.442857   (0.313s)   communities: 2   parameters: WN erfrtrfr 5
