=====================================
Starting 5 extremal
  Q = 0.000000
  End rep
  Q = 0.000000
  End rep
  Q = 0.000000
  End rep
  Q = 0.000000
  End rep
  Q = 0.000000
  End rep
End of 5 extremal
Q(e) = 0.000000   (0.122s)
=====================================
Starting 5 reposition
  End rep
End of 5 reposition
Q(r) = 0.000000   (0.000s)
=====================================
Starting 5 fast
  Q = 0.000000
  End rep
End of 5 fast
Q(f) = 0.000000   (0.000s)
=====================================
Starting 5 reposition
  End rep
End of 5 reposition
Q(r) = 0.000000   (0.000s)
=====================================
Starting 5 tabu
  End rep
  End rep
  End rep
  End rep
  End rep
End of 5 tabu
Q(t) = 0.000000   (0.005s)
=====================================
Starting 5 reposition
  End rep
End of 5 reposition
Q(r) = 0.000000   (0.000s)
=====================================
Starting 5 fast
  Q = 0.000000
  End rep
End of 5 fast
Q(f) = 0.000000   (0.000s)
=====================================
Starting 5 reposition
  End rep
End of 5 reposition
Q(r) = 0.000000   (0.000s)
=====================================
Q_Best = 0.000000   (0.129s)   communities: 1   parameters: WN erfrtrfr 5
