=====================================
Starting 5 extremal
  Q = 0.466096
  Q = 0.586819
  Q = 0.704678
  Q = 0.718121
  Q = 0.731837
  Q = 0.746713
  Q = 0.760648
  Q = 0.761687
  Q = 0.764722
  Q = 0.764722
  Q = 0.769113
  Q = 0.772817
  Q = 0.775892
  Q = 0.779701
  Q = 0.780876
  Q = 0.780876
  Q = 0.780876
  Q = 0.780876
  Q = 0.780876
  Q = 0.780876
  Q = 0.780876
  Q = 0.780876
  Q = 0.780876
  Q = 0.780876
  Q = 0.780876
  Q = 0.780876
  Q = 0.780876
  Q = 0.780876
  Q = 0.780876
  End rep
  Q = 0.468770
  Q = 0.588599
  Q = 0.704678
  Q = 0.718121
  Q = 0.732056
  Q = 0.746931
  Q = 0.760648
  Q = 0.761687
  Q = 0.764722
  Q = 0.768532
  Q = 0.769707
  Q = 0.773411
  Q = 0.773411
  Q = 0.774339
  Q = 0.778729
  Q = 0.778729
  Q = 0.778729
  Q = 0.778729
  Q = 0.778729
  Q = 0.778729
  Q = 0.778729
  Q = 0.778729
  Q = 0.778729
  Q = 0.778729
  Q = 0.778729
  Q = 0.778729
  Q = 0.778729
  Q = 0.778729
  Q = 0.778729
  End rep
  Q = 0.468770
  Q = 0.588599
  Q = 0.704678
  Q = 0.715468
  Q = 0.726758
  Q = 0.740475
  Q = 0.752274
  Q = 0.757268
  Q = 0.759000
  Q = 0.762155
  Q = 0.766629
  Q = 0.771020
  Q = 0.771948
  Q = 0.776889
  Q = 0.781804
  Q = 0.781804
  Q = 0.781804
  Q = 0.781804
  Q = 0.781804
  Q = 0.781804
  Q = 0.781804
  Q = 0.781804
  Q = 0.781804
  Q = 0.781804
  Q = 0.781804
  Q = 0.781804
  Q = 0.781804
  Q = 0.781804
  Q = 0.781804
  Q = 0.781804
  Q = 0.781804
  End rep
  Q = 0.447551
  Q = 0.567187
  Q = 0.673851
  Q = 0.699612
  Q = 0.710688
  Q = 0.732904
  Q = 0.754000
  Q = 0.755732
  Q = 0.755732
  Q = 0.755732
  Q = 0.759383
  Q = 0.763691
  Q = 0.770961
  Q = 0.770961
  Q = 0.777554
  Q = 0.780629
  Q = 0.780629
  Q = 0.780629
  Q = 0.780629
  Q = 0.780629
  Q = 0.780629
  Q = 0.780629
  Q = 0.781804
  Q = 0.781804
  Q = 0.781804
  Q = 0.781804
  Q = 0.781804
  Q = 0.781804
  Q = 0.781804
  Q = 0.781804
  End rep
  Q = 0.474491
  Q = 0.561013
  Q = 0.647967
  Q = 0.670091
  Q = 0.699361
  Q = 0.719397
  Q = 0.747011
  Q = 0.753405
  Q = 0.760489
  Q = 0.761664
  Q = 0.762592
  Q = 0.769185
  Q = 0.776566
  Q = 0.779363
  Q = 0.781804
  Q = 0.781804
  Q = 0.781804
  Q = 0.781804
  Q = 0.781804
  Q = 0.781804
  Q = 0.781804
  Q = 0.781804
  Q = 0.781804
  Q = 0.781804
  Q = 0.781804
  Q = 0.781804
  Q = 0.781804
  Q = 0.781804
  Q = 0.781804
  Q = 0.781804
  Q = 0.781804
  End rep
End of 5 extremal
Q(e) = 0.781804   (47.606s)
=====================================
Starting 5 reposition
  End rep
End of 5 reposition
Q(r) = 0.781804   (0.142s)
=====================================
Starting 5 fast
  Q = 0.781804
  End rep
End of 5 fast
Q(f) = 0.781804   (0.009s)
=====================================
Starting 5 reposition
  End rep
End of 5 reposition
Q(r) = 0.781804   (0.142s)
=====================================
Starting 5 tabu
  End rep
  End rep
  End rep
  End rep
  End rep
End of 5 tabu
Q(t) = 0.781804   (8.757s)
=====================================
Starting 5 reposition
  End rep
End of 5 reposition
Q(r) = 0.781804   (0.142s)
=====================================
Starting 5 fast
  Q = 0.781804
  End rep
End of 5 fast
Q(f) = 0.781804   (0.009s)
=====================================
Starting 5 reposition
  End rep
End of 5 reposition
Q(r) = 0.781804   (0.140s)
=====================================
Q_Best = 0.781804   (56.947s)   communities: 16   parameters: WN erfrtrfr 5
