=====================================
Starting 5 extremal
  Q = 0.467566
  Q = 0.576624
  Q = 0.696773
  Q = 0.697419
  Q = 0.697419
  Q = 0.697419
  Q = 0.697419
  Q = 0.697419
  Q = 0.697419
  End rep
  Q = 0.467566
  Q = 0.587716
  Q = 0.696773
  Q = 0.696773
  Q = 0.696773
  Q = 0.696773
  Q = 0.696773
  End rep
  Q = 0.463897
  Q = 0.580920
  Q = 0.696773
  Q = 0.696773
  Q = 0.696773
  Q = 0.696773
  Q = 0.696773
  End rep
  Q = 0.463897
  Q = 0.580920
  Q = 0.696773
  Q = 0.696773
  Q = 0.696773
  Q = 0.697419
  Q = 0.697419
  Q = 0.697419
  Q = 0.697419
  End rep
  Q = 0.467566
  Q = 0.587716
  Q = 0.696773
  Q = 0.696773
  Q = 0.696773
  Q = 0.696773
  Q = 0.696773
  End rep
End of 5 extremal
Q(e) = 0.697419   (24.405s)
=====================================
Starting 5 reposition
  End rep
End of 5 reposition
Q(r) = 0.697419   (0.148s)
=====================================
Starting 5 fast
  Q = 0.697419
  End rep
End of 5 fast
Q(f) = 0.697419   (0.007s)
=====================================
Starting 5 reposition
  End rep
End of 5 reposition
Q(r) = 0.697419   (0.145s)
=====================================
Starting 5 tabu
  End rep
  End rep
  End rep
  End rep
  End rep
End of 5 tabu
Q(t) = 0.697419   (10.336s)
=====================================
Starting 5 reposition
  End rep
End of 5 reposition
Q(r) = 0.697419   (0.147s)
=====================================
Starting 5 fast
  Q = 0.697419
  End rep
End of 5 fast
Q(f) = 0.697419   (0.007s)
=====================================
Starting 5 reposition
  End rep
End of 5 reposition
Q(r) = 0.697419   (0.150s)
=====================================
Q_Best = 0.697419   (35.344s)   communities: 5   parameters: WN erfrtrfr 5
