=====================================
Starting 5 extremal
  Q = 0.486758
  Q = 0.486758
  Q = 0.486758
  Q = 0.487329
  Q = 0.487900
  Q = 0.593076
  Q = 0.593076
  Q = 0.593076
  Q = 0.593076
  Q = 0.593076
  Q = 0.593076
  Q = 0.593647
  Q = 0.608162
  Q = 0.608162
  Q = 0.608162
  Q = 0.608162
  Q = 0.608733
  Q = 0.608733
  Q = 0.608733
  End rep
  Q = 0.486758
  Q = 0.591933
  Q = 0.591933
  Q = 0.591933
  Q = 0.592504
  Q = 0.593076
  Q = 0.607591
  Q = 0.607591
  Q = 0.608162
  Q = 0.608162
  Q = 0.608162
  Q = 0.608162
  Q = 0.608162
  Q = 0.608733
  Q = 0.608733
  Q = 0.608733
  Q = 0.608733
  Q = 0.608733
  Q = 0.608733
  End rep
  Q = 0.486758
  Q = 0.591933
  Q = 0.591933
  Q = 0.591933
  Q = 0.592504
  Q = 0.593076
  Q = 0.593076
  Q = 0.593647
  Q = 0.608162
  Q = 0.608162
  Q = 0.608162
  Q = 0.608162
  Q = 0.608162
  Q = 0.608162
  Q = 0.608162
  Q = 0.608733
  Q = 0.608733
  Q = 0.608733
  Q = 0.608733
  End rep
  Q = 0.486758
  Q = 0.487329
  Q = 0.487900
  Q = 0.487900
  Q = 0.487900
  Q = 0.593076
  Q = 0.593076
  Q = 0.593076
  Q = 0.593076
  Q = 0.593076
  Q = 0.593647
  Q = 0.593647
  Q = 0.608162
  Q = 0.608162
  Q = 0.608162
  Q = 0.608162
  Q = 0.608733
  Q = 0.608733
  Q = 0.608733
  End rep
  Q = 0.486758
  Q = 0.486758
  Q = 0.486758
  Q = 0.487329
  Q = 0.487900
  Q = 0.593076
  Q = 0.593076
  Q = 0.593076
  Q = 0.593076
  Q = 0.593076
  Q = 0.593647
  Q = 0.593647
  Q = 0.608162
  Q = 0.608162
  Q = 0.608162
  Q = 0.608162
  Q = 0.608733
  Q = 0.608733
  Q = 0.608733
  End rep
End of 5 extremal
Q(e) = 0.608733   (7.672s)
=====================================
Starting 5 reposition
  End rep
End of 5 reposition
Q(r) = 0.608733   (0.005s)
=====================================
Starting 5 fast
  Q = 0.608733
  End rep
End of 5 fast
Q(f) = 0.608733   (0.002s)
=====================================
Starting 5 reposition
  End rep
End of 5 reposition
Q(r) = 0.608733   (0.005s)
=====================================
Starting 5 tabu
  End rep
  End rep
  End rep
  End rep
  End rep
End of 5 tabu
Q(t) = 0.608733   (1.061s)
=====================================
Starting 5 reposition
  End rep
End of 5 reposition
Q(r) = 0.608733   (0.005s)
=====================================
Starting 5 fast
  Q = 0.608733
  End rep
End of 5 fast
Q(f) = 0.608733   (0.002s)
=====================================
Starting 5 reposition
  End rep
End of 5 reposition
Q(r) = 0.608733   (0.005s)
=====================================
Q_Best = 0.608733   (8.758s)   communities: 12   parameters: WN erfrtrfr 5
